Started GET "/" for ::1 at 2017-04-19 13:43:38 -0700

ActiveRecord::PendingMigrationError - 

Migrations are pending. To resolve this issue, run:

        bin/rails db:migrate RAILS_ENV=development

:
  activerecord (5.0.2) lib/active_record/migration.rb:573:in `check_pending!'
  activerecord (5.0.2) lib/active_record/migration.rb:549:in `call'
  actionpack (5.0.2) lib/action_dispatch/middleware/callbacks.rb:38:in `block in call'
  activesupport (5.0.2) lib/active_support/callbacks.rb:97:in `__run_callbacks__'
  activesupport (5.0.2) lib/active_support/callbacks.rb:750:in `_run_call_callbacks'
  activesupport (5.0.2) lib/active_support/callbacks.rb:90:in `run_callbacks'
  actionpack (5.0.2) lib/action_dispatch/middleware/callbacks.rb:36:in `call'
  actionpack (5.0.2) lib/action_dispatch/middleware/executor.rb:12:in `call'
  actionpack (5.0.2) lib/action_dispatch/middleware/remote_ip.rb:79:in `call'
  better_errors (2.1.1) lib/better_errors/middleware.rb:84:in `protected_app_call'
  better_errors (2.1.1) lib/better_errors/middleware.rb:79:in `better_errors_call'
  better_errors (2.1.1) lib/better_errors/middleware.rb:57:in `call'
  actionpack (5.0.2) lib/action_dispatch/middleware/debug_exceptions.rb:49:in `call'
  actionpack (5.0.2) lib/action_dispatch/middleware/show_exceptions.rb:31:in `call'
  railties (5.0.2) lib/rails/rack/logger.rb:36:in `call_app'
  railties (5.0.2) lib/rails/rack/logger.rb:24:in `block in call'
  activesupport (5.0.2) lib/active_support/tagged_logging.rb:69:in `block in tagged'
  activesupport (5.0.2) lib/active_support/tagged_logging.rb:26:in `tagged'
  activesupport (5.0.2) lib/active_support/tagged_logging.rb:69:in `tagged'
  railties (5.0.2) lib/rails/rack/logger.rb:24:in `call'
  actionpack (5.0.2) lib/action_dispatch/middleware/request_id.rb:24:in `call'
  rack (2.0.1) lib/rack/method_override.rb:22:in `call'
  rack (2.0.1) lib/rack/runtime.rb:22:in `call'
  activesupport (5.0.2) lib/active_support/cache/strategy/local_cache_middleware.rb:28:in `call'
  actionpack (5.0.2) lib/action_dispatch/middleware/executor.rb:12:in `call'
  actionpack (5.0.2) lib/action_dispatch/middleware/static.rb:136:in `call'
  rack (2.0.1) lib/rack/sendfile.rb:111:in `call'
  railties (5.0.2) lib/rails/engine.rb:522:in `call'
  rack (2.0.1) lib/rack/handler/webrick.rb:86:in `service'
  /home/chris/.rbenv/versions/2.3.1/lib64/ruby/2.3.0/webrick/httpserver.rb:140:in `service'
  /home/chris/.rbenv/versions/2.3.1/lib64/ruby/2.3.0/webrick/httpserver.rb:96:in `run'
  /home/chris/.rbenv/versions/2.3.1/lib64/ruby/2.3.0/webrick/server.rb:296:in `block in start_thread'

Started POST "/__better_errors/f1d25b67ae410c55/variables" for ::1 at 2017-04-19 13:43:39 -0700
Started GET "/cats" for ::1 at 2017-04-19 13:43:44 -0700

ActiveRecord::PendingMigrationError - 

Migrations are pending. To resolve this issue, run:

        bin/rails db:migrate RAILS_ENV=development

:
  activerecord (5.0.2) lib/active_record/migration.rb:573:in `check_pending!'
  activerecord (5.0.2) lib/active_record/migration.rb:549:in `call'
  actionpack (5.0.2) lib/action_dispatch/middleware/callbacks.rb:38:in `block in call'
  activesupport (5.0.2) lib/active_support/callbacks.rb:97:in `__run_callbacks__'
  activesupport (5.0.2) lib/active_support/callbacks.rb:750:in `_run_call_callbacks'
  activesupport (5.0.2) lib/active_support/callbacks.rb:90:in `run_callbacks'
  actionpack (5.0.2) lib/action_dispatch/middleware/callbacks.rb:36:in `call'
  actionpack (5.0.2) lib/action_dispatch/middleware/executor.rb:12:in `call'
  actionpack (5.0.2) lib/action_dispatch/middleware/remote_ip.rb:79:in `call'
  better_errors (2.1.1) lib/better_errors/middleware.rb:84:in `protected_app_call'
  better_errors (2.1.1) lib/better_errors/middleware.rb:79:in `better_errors_call'
  better_errors (2.1.1) lib/better_errors/middleware.rb:57:in `call'
  actionpack (5.0.2) lib/action_dispatch/middleware/debug_exceptions.rb:49:in `call'
  actionpack (5.0.2) lib/action_dispatch/middleware/show_exceptions.rb:31:in `call'
  railties (5.0.2) lib/rails/rack/logger.rb:36:in `call_app'
  railties (5.0.2) lib/rails/rack/logger.rb:24:in `block in call'
  activesupport (5.0.2) lib/active_support/tagged_logging.rb:69:in `block in tagged'
  activesupport (5.0.2) lib/active_support/tagged_logging.rb:26:in `tagged'
  activesupport (5.0.2) lib/active_support/tagged_logging.rb:69:in `tagged'
  railties (5.0.2) lib/rails/rack/logger.rb:24:in `call'
  actionpack (5.0.2) lib/action_dispatch/middleware/request_id.rb:24:in `call'
  rack (2.0.1) lib/rack/method_override.rb:22:in `call'
  rack (2.0.1) lib/rack/runtime.rb:22:in `call'
  activesupport (5.0.2) lib/active_support/cache/strategy/local_cache_middleware.rb:28:in `call'
  actionpack (5.0.2) lib/action_dispatch/middleware/executor.rb:12:in `call'
  actionpack (5.0.2) lib/action_dispatch/middleware/static.rb:136:in `call'
  rack (2.0.1) lib/rack/sendfile.rb:111:in `call'
  railties (5.0.2) lib/rails/engine.rb:522:in `call'
  rack (2.0.1) lib/rack/handler/webrick.rb:86:in `service'
  /home/chris/.rbenv/versions/2.3.1/lib64/ruby/2.3.0/webrick/httpserver.rb:140:in `service'
  /home/chris/.rbenv/versions/2.3.1/lib64/ruby/2.3.0/webrick/httpserver.rb:96:in `run'
  /home/chris/.rbenv/versions/2.3.1/lib64/ruby/2.3.0/webrick/server.rb:296:in `block in start_thread'

Started POST "/__better_errors/250b2a3988f8506c/variables" for ::1 at 2017-04-19 13:43:44 -0700
